<?xml version="1.0" encoding="UTF-8"?>
<testng-results ignored="0" total="1" passed="1" failed="0" skipped="0">
  <reporter-output>
  </reporter-output>
  <suite started-at="2021-05-22T16:04:35 SGT" name="Default suite" finished-at="2021-05-22T16:04:39 SGT" duration-ms="3976">
    <groups>
    </groups>
    <test started-at="2021-05-22T16:04:35 SGT" name="Default test" finished-at="2021-05-22T16:04:39 SGT" duration-ms="3976">
      <class name="co.interseed.qa.ui_test.LoginPageTest">
        <test-method is-config="true" signature="SetUpEnvironment()[pri:0, instance:co.interseed.qa.ui_test.LoginPageTest@6fe7aac8]" started-at="2021-05-22T16:04:35 SGT" name="SetUpEnvironment" finished-at="2021-05-22T16:04:38 SGT" duration-ms="2726" status="PASS">
          <reporter-output>
          </reporter-output>
        </test-method> <!-- SetUpEnvironment -->
        <test-method signature="LoginTest()[pri:0, instance:co.interseed.qa.ui_test.LoginPageTest@6fe7aac8]" started-at="2021-05-22T16:04:38 SGT" name="LoginTest" finished-at="2021-05-22T16:04:39 SGT" duration-ms="1038" status="PASS">
          <reporter-output>
          </reporter-output>
        </test-method> <!-- LoginTest -->
        <test-method is-config="true" signature="ShutDown()[pri:0, instance:co.interseed.qa.ui_test.LoginPageTest@6fe7aac8]" started-at="2021-05-22T16:04:39 SGT" name="ShutDown" finished-at="2021-05-22T16:04:39 SGT" duration-ms="160" status="PASS">
          <reporter-output>
          </reporter-output>
        </test-method> <!-- ShutDown -->
      </class> <!-- co.interseed.qa.ui_test.LoginPageTest -->
    </test> <!-- Default test -->
  </suite> <!-- Default suite -->
</testng-results>
